# JRE version: Java(TM) SE Runtime Environment (8.0_181-b13) (build 1.8.0_181-b13)
# Java VM: Java HotSpot(TM) 64-Bit Server VM (25.181-b13 mixed mode windows-amd64 compressed oops)
Heap:
 PSYoungGen      total 1680896K, used 1384664K [0x0000000697580000, 0x00000006ff600000, 0x00000007c0000000)
  eden space 1657344K, 82% used [0x0000000697580000,0x00000006eaffe0f0,0x00000006fc800000)
  from space 23552K, 59% used [0x00000006fc800000,0x00000006fd5b8020,0x00000006fdf00000)
  to   space 21504K, 0% used [0x00000006fe100000,0x00000006fe100000,0x00000006ff600000)
 ParOldGen       total 175104K, used 81031K [0x0000000446000000, 0x0000000450b00000, 0x0000000697580000)
  object space 175104K, 46% used [0x0000000446000000,0x000000044af21e08,0x0000000450b00000)
 Metaspace       used 23133K, capacity 23564K, committed 23680K, reserved 1071104K
  class space    used 2739K, capacity 2857K, committed 2944K, reserved 1048576K
GC Heap History (10 events):
Event: 140.442 GC heap before
{Heap before GC invocations=32 (full 1):
 PSYoungGen      total 1642496K, used 1636640K [0x0000000697580000, 0x00000006fd300000, 0x00000007c0000000)
  eden space 1620992K, 100% used [0x0000000697580000,0x00000006fa480000,0x00000006fa480000)
  from space 21504K, 72% used [0x00000006fba80000,0x00000006fc9c8020,0x00000006fcf80000)
  to   space 22528K, 0% used [0x00000006fa480000,0x00000006fa480000,0x00000006fba80000)
 ParOldGen       total 175104K, used 76471K [0x0000000446000000, 0x0000000450b00000, 0x0000000697580000)
  object space 175104K, 43% used [0x0000000446000000,0x000000044aaade08,0x0000000450b00000)
 Metaspace       used 22998K, capacity 23436K, committed 23680K, reserved 1071104K
  class space    used 2738K, capacity 2857K, committed 2944K, reserved 1048576K
Event: 140.448 GC heap after
Heap after GC invocations=32 (full 1):
 PSYoungGen      total 1643520K, used 15680K [0x0000000697580000, 0x00000006ff880000, 0x00000007c0000000)
  eden space 1620992K, 0% used [0x0000000697580000,0x0000000697580000,0x00000006fa480000)
  from space 22528K, 69% used [0x00000006fa480000,0x00000006fb3d0020,0x00000006fba80000)
  to   space 23552K, 0% used [0x00000006fe180000,0x00000006fe180000,0x00000006ff880000)
 ParOldGen       total 175104K, used 77239K [0x0000000446000000, 0x0000000450b00000, 0x0000000697580000)
  object space 175104K, 44% used [0x0000000446000000,0x000000044ab6de08,0x0000000450b00000)
 Metaspace       used 22998K, capacity 23436K, committed 23680K, reserved 1071104K
  class space    used 2738K, capacity 2857K, committed 2944K, reserved 1048576K
}
Event: 146.990 GC heap before
{Heap before GC invocations=33 (full 1):
 PSYoungGen      total 1643520K, used 1636672K [0x0000000697580000, 0x00000006ff880000, 0x00000007c0000000)
  eden space 1620992K, 100% used [0x0000000697580000,0x00000006fa480000,0x00000006fa480000)
  from space 22528K, 69% used [0x00000006fa480000,0x00000006fb3d0020,0x00000006fba80000)
  to   space 23552K, 0% used [0x00000006fe180000,0x00000006fe180000,0x00000006ff880000)
 ParOldGen       total 175104K, used 77239K [0x0000000446000000, 0x0000000450b00000, 0x0000000697580000)
  object space 175104K, 44% used [0x0000000446000000,0x000000044ab6de08,0x0000000450b00000)
 Metaspace       used 22998K, capacity 23436K, committed 23680K, reserved 1071104K
  class space    used 2738K, capacity 2857K, committed 2944K, reserved 1048576K
Event: 147.003 GC heap after
Heap after GC invocations=33 (full 1):
 PSYoungGen      total 1644544K, used 15488K [0x0000000697580000, 0x00000006ff880000, 0x00000007c0000000)
  eden space 1620992K, 0% used [0x0000000697580000,0x0000000697580000,0x00000006fa480000)
  from space 23552K, 65% used [0x00000006fe180000,0x00000006ff0a0020,0x00000006ff880000)
  to   space 22528K, 0% used [0x00000006fa480000,0x00000006fa480000,0x00000006fba80000)
 ParOldGen       total 175104K, used 78167K [0x0000000446000000, 0x0000000450b00000, 0x0000000697580000)
  object space 175104K, 44% used [0x0000000446000000,0x000000044ac55e08,0x0000000450b00000)
 Metaspace       used 22998K, capacity 23436K, committed 23680K, reserved 1071104K
  class space    used 2738K, capacity 2857K, committed 2944K, reserved 1048576K
}
Event: 153.583 GC heap before
{Heap before GC invocations=34 (full 1):
 PSYoungGen      total 1644544K, used 1636480K [0x0000000697580000, 0x00000006ff880000, 0x00000007c0000000)
  eden space 1620992K, 100% used [0x0000000697580000,0x00000006fa480000,0x00000006fa480000)
  from space 23552K, 65% used [0x00000006fe180000,0x00000006ff0a0020,0x00000006ff880000)
  to   space 22528K, 0% used [0x00000006fa480000,0x00000006fa480000,0x00000006fba80000)
 ParOldGen       total 175104K, used 78167K [0x0000000446000000, 0x0000000450b00000, 0x0000000697580000)
  object space 175104K, 44% used [0x0000000446000000,0x000000044ac55e08,0x0000000450b00000)
 Metaspace       used 22998K, capacity 23436K, committed 23680K, reserved 1071104K
  class space    used 2738K, capacity 2857K, committed 2944K, reserved 1048576K
Event: 153.588 GC heap after
Heap after GC invocations=34 (full 1):
 PSYoungGen      total 1643520K, used 15072K [0x0000000697580000, 0x00000006ff880000, 0x00000007c0000000)
  eden space 1620992K, 0% used [0x0000000697580000,0x0000000697580000,0x00000006fa480000)
  from space 22528K, 66% used [0x00000006fa480000,0x00000006fb338020,0x00000006fba80000)
  to   space 24064K, 0% used [0x00000006fe100000,0x00000006fe100000,0x00000006ff880000)
 ParOldGen       total 175104K, used 79071K [0x0000000446000000, 0x0000000450b00000, 0x0000000697580000)
  object space 175104K, 45% used [0x0000000446000000,0x000000044ad37e08,0x0000000450b00000)
 Metaspace       used 22998K, capacity 23436K, committed 23680K, reserved 1071104K
  class space    used 2738K, capacity 2857K, committed 2944K, reserved 1048576K
}
Event: 160.083 GC heap before
{Heap before GC invocations=35 (full 1):
 PSYoungGen      total 1643520K, used 1636064K [0x0000000697580000, 0x00000006ff880000, 0x00000007c0000000)
  eden space 1620992K, 100% used [0x0000000697580000,0x00000006fa480000,0x00000006fa480000)
  from space 22528K, 66% used [0x00000006fa480000,0x00000006fb338020,0x00000006fba80000)
  to   space 24064K, 0% used [0x00000006fe100000,0x00000006fe100000,0x00000006ff880000)
 ParOldGen       total 175104K, used 79071K [0x0000000446000000, 0x0000000450b00000, 0x0000000697580000)
  object space 175104K, 45% used [0x0000000446000000,0x000000044ad37e08,0x0000000450b00000)
 Metaspace       used 22998K, capacity 23436K, committed 23680K, reserved 1071104K
  class space    used 2738K, capacity 2857K, committed 2944K, reserved 1048576K
Event: 160.088 GC heap after
Heap after GC invocations=35 (full 1):
 PSYoungGen      total 1678848K, used 14656K [0x0000000697580000, 0x00000006ff600000, 0x00000007c0000000)
  eden space 1657344K, 0% used [0x0000000697580000,0x0000000697580000,0x00000006fc800000)
  from space 21504K, 68% used [0x00000006fe100000,0x00000006fef50020,0x00000006ff600000)
  to   space 23552K, 0% used [0x00000006fc800000,0x00000006fc800000,0x00000006fdf00000)
 ParOldGen       total 175104K, used 80039K [0x0000000446000000, 0x0000000450b00000, 0x0000000697580000)
  object space 175104K, 45% used [0x0000000446000000,0x000000044ae29e08,0x0000000450b00000)
 Metaspace       used 22998K, capacity 23436K, committed 23680K, reserved 1071104K
  class space    used 2738K, capacity 2857K, committed 2944K, reserved 1048576K
}
Event: 166.834 GC heap before
{Heap before GC invocations=36 (full 1):
 PSYoungGen      total 1678848K, used 1672000K [0x0000000697580000, 0x00000006ff600000, 0x00000007c0000000)
  eden space 1657344K, 100% used [0x0000000697580000,0x00000006fc800000,0x00000006fc800000)
  from space 21504K, 68% used [0x00000006fe100000,0x00000006fef50020,0x00000006ff600000)
  to   space 23552K, 0% used [0x00000006fc800000,0x00000006fc800000,0x00000006fdf00000)
 ParOldGen       total 175104K, used 80039K [0x0000000446000000, 0x0000000450b00000, 0x0000000697580000)
  object space 175104K, 45% used [0x0000000446000000,0x000000044ae29e08,0x0000000450b00000)
 Metaspace       used 22998K, capacity 23436K, committed 23680K, reserved 1071104K
  class space    used 2738K, capacity 2857K, committed 2944K, reserved 1048576K
Event: 166.840 GC heap after
Heap after GC invocations=36 (full 1):
 PSYoungGen      total 1680896K, used 14048K [0x0000000697580000, 0x00000006ff600000, 0x00000007c0000000)
  eden space 1657344K, 0% used [0x0000000697580000,0x0000000697580000,0x00000006fc800000)
  from space 23552K, 59% used [0x00000006fc800000,0x00000006fd5b8020,0x00000006fdf00000)
  to   space 21504K, 0% used [0x00000006fe100000,0x00000006fe100000,0x00000006ff600000)
 ParOldGen       total 175104K, used 81031K [0x0000000446000000, 0x0000000450b00000, 0x0000000697580000)
  object space 175104K, 46% used [0x0000000446000000,0x000000044af21e08,0x0000000450b00000)
 Metaspace       used 22998K, capacity 23436K, committed 23680K, reserved 1071104K
  class space    used 2738K, capacity 2857K, committed 2944K, reserved 1048576K
}

