# JRE version: Java(TM) SE Runtime Environment (8.0_181-b13) (build 1.8.0_181-b13)
# Java VM: Java HotSpot(TM) 64-Bit Server VM (25.181-b13 mixed mode windows-amd64 compressed oops)
Heap:
 PSYoungGen      total 1667072K, used 133285K [0x0000000697580000, 0x00000006ffe00000, 0x00000007c0000000)
  eden space 1665536K, 7% used [0x0000000697580000,0x000000069f6b16d8,0x00000006fd000000)
  from space 1536K, 64% used [0x00000006ffc80000,0x00000006ffd78000,0x00000006ffe00000)
  to   space 23552K, 0% used [0x00000006fd000000,0x00000006fd000000,0x00000006fe700000)
 ParOldGen       total 175104K, used 85005K [0x0000000446000000, 0x0000000450b00000, 0x0000000697580000)
  object space 175104K, 48% used [0x0000000446000000,0x000000044b303548,0x0000000450b00000)
 Metaspace       used 22847K, capacity 23276K, committed 23424K, reserved 1069056K
  class space    used 2731K, capacity 2825K, committed 2944K, reserved 1048576K
GC Heap History (10 events):
Event: 87.256 GC heap before
{Heap before GC invocations=21 (full 1):
 PSYoungGen      total 1342464K, used 1310304K [0x0000000697580000, 0x00000006eb980000, 0x00000007c0000000)
  eden space 1309184K, 100% used [0x0000000697580000,0x00000006e7400000,0x00000006e7400000)
  from space 33280K, 3% used [0x00000006e7880000,0x00000006e7998000,0x00000006e9900000)
  to   space 1536K, 0% used [0x00000006eb800000,0x00000006eb800000,0x00000006eb980000)
 ParOldGen       total 175104K, used 79997K [0x0000000446000000, 0x0000000450b00000, 0x0000000697580000)
  object space 175104K, 45% used [0x0000000446000000,0x000000044ae1f528,0x0000000450b00000)
 Metaspace       used 22845K, capacity 23276K, committed 23424K, reserved 1069056K
  class space    used 2731K, capacity 2825K, committed 2944K, reserved 1048576K
Event: 87.302 GC heap after
Heap after GC invocations=21 (full 1):
 PSYoungGen      total 1310720K, used 1024K [0x0000000697580000, 0x00000006eb980000, 0x00000007c0000000)
  eden space 1309184K, 0% used [0x0000000697580000,0x0000000697580000,0x00000006e7400000)
  from space 1536K, 66% used [0x00000006eb800000,0x00000006eb900000,0x00000006eb980000)
  to   space 33280K, 0% used [0x00000006e7880000,0x00000006e7880000,0x00000006e9900000)
 ParOldGen       total 175104K, used 80933K [0x0000000446000000, 0x0000000450b00000, 0x0000000697580000)
  object space 175104K, 46% used [0x0000000446000000,0x000000044af09528,0x0000000450b00000)
 Metaspace       used 22845K, capacity 23276K, committed 23424K, reserved 1069056K
  class space    used 2731K, capacity 2825K, committed 2944K, reserved 1048576K
}
Event: 92.807 GC heap before
{Heap before GC invocations=22 (full 1):
 PSYoungGen      total 1310720K, used 1310208K [0x0000000697580000, 0x00000006eb980000, 0x00000007c0000000)
  eden space 1309184K, 100% used [0x0000000697580000,0x00000006e7400000,0x00000006e7400000)
  from space 1536K, 66% used [0x00000006eb800000,0x00000006eb900000,0x00000006eb980000)
  to   space 33280K, 0% used [0x00000006e7880000,0x00000006e7880000,0x00000006e9900000)
 ParOldGen       total 175104K, used 80933K [0x0000000446000000, 0x0000000450b00000, 0x0000000697580000)
  object space 175104K, 46% used [0x0000000446000000,0x000000044af09528,0x0000000450b00000)
 Metaspace       used 22845K, capacity 23276K, committed 23424K, reserved 1069056K
  class space    used 2731K, capacity 2825K, committed 2944K, reserved 1048576K
Event: 92.891 GC heap after
Heap after GC invocations=22 (full 1):
 PSYoungGen      total 1342464K, used 1568K [0x0000000697580000, 0x00000006eb980000, 0x00000007c0000000)
  eden space 1309184K, 0% used [0x0000000697580000,0x0000000697580000,0x00000006e7400000)
  from space 33280K, 4% used [0x00000006e7880000,0x00000006e7a08020,0x00000006e9900000)
  to   space 1536K, 0% used [0x00000006eb800000,0x00000006eb800000,0x00000006eb980000)
 ParOldGen       total 175104K, used 81869K [0x0000000446000000, 0x0000000450b00000, 0x0000000697580000)
  object space 175104K, 46% used [0x0000000446000000,0x000000044aff3528,0x0000000450b00000)
 Metaspace       used 22845K, capacity 23276K, committed 23424K, reserved 1069056K
  class space    used 2731K, capacity 2825K, committed 2944K, reserved 1048576K
}
Event: 98.223 GC heap before
{Heap before GC invocations=23 (full 1):
 PSYoungGen      total 1342464K, used 1310752K [0x0000000697580000, 0x00000006eb980000, 0x00000007c0000000)
  eden space 1309184K, 100% used [0x0000000697580000,0x00000006e7400000,0x00000006e7400000)
  from space 33280K, 4% used [0x00000006e7880000,0x00000006e7a08020,0x00000006e9900000)
  to   space 1536K, 0% used [0x00000006eb800000,0x00000006eb800000,0x00000006eb980000)
 ParOldGen       total 175104K, used 81869K [0x0000000446000000, 0x0000000450b00000, 0x0000000697580000)
  object space 175104K, 46% used [0x0000000446000000,0x000000044aff3528,0x0000000450b00000)
 Metaspace       used 22847K, capacity 23276K, committed 23424K, reserved 1069056K
  class space    used 2731K, capacity 2825K, committed 2944K, reserved 1048576K
Event: 98.373 GC heap after
Heap after GC invocations=23 (full 1):
 PSYoungGen      total 1310720K, used 896K [0x0000000697580000, 0x00000006eb980000, 0x00000007c0000000)
  eden space 1309184K, 0% used [0x0000000697580000,0x0000000697580000,0x00000006e7400000)
  from space 1536K, 58% used [0x00000006eb800000,0x00000006eb8e0000,0x00000006eb980000)
  to   space 33280K, 0% used [0x00000006e7880000,0x00000006e7880000,0x00000006e9900000)
 ParOldGen       total 175104K, used 83301K [0x0000000446000000, 0x0000000450b00000, 0x0000000697580000)
  object space 175104K, 47% used [0x0000000446000000,0x000000044b159548,0x0000000450b00000)
 Metaspace       used 22847K, capacity 23276K, committed 23424K, reserved 1069056K
  class space    used 2731K, capacity 2825K, committed 2944K, reserved 1048576K
}
Event: 103.803 GC heap before
{Heap before GC invocations=24 (full 1):
 PSYoungGen      total 1310720K, used 1310080K [0x0000000697580000, 0x00000006eb980000, 0x00000007c0000000)
  eden space 1309184K, 100% used [0x0000000697580000,0x00000006e7400000,0x00000006e7400000)
  from space 1536K, 58% used [0x00000006eb800000,0x00000006eb8e0000,0x00000006eb980000)
  to   space 33280K, 0% used [0x00000006e7880000,0x00000006e7880000,0x00000006e9900000)
 ParOldGen       total 175104K, used 83301K [0x0000000446000000, 0x0000000450b00000, 0x0000000697580000)
  object space 175104K, 47% used [0x0000000446000000,0x000000044b159548,0x0000000450b00000)
 Metaspace       used 22847K, capacity 23276K, committed 23424K, reserved 1069056K
  class space    used 2731K, capacity 2825K, committed 2944K, reserved 1048576K
Event: 103.860 GC heap after
Heap after GC invocations=24 (full 1):
 PSYoungGen      total 1347072K, used 1024K [0x0000000697580000, 0x0000000701480000, 0x00000007c0000000)
  eden space 1313792K, 0% used [0x0000000697580000,0x0000000697580000,0x00000006e7880000)
  from space 33280K, 3% used [0x00000006e7880000,0x00000006e7980000,0x00000006e9900000)
  to   space 24576K, 0% used [0x00000006ffc80000,0x00000006ffc80000,0x0000000701480000)
 ParOldGen       total 175104K, used 84077K [0x0000000446000000, 0x0000000450b00000, 0x0000000697580000)
  object space 175104K, 48% used [0x0000000446000000,0x000000044b21b548,0x0000000450b00000)
 Metaspace       used 22847K, capacity 23276K, committed 23424K, reserved 1069056K
  class space    used 2731K, capacity 2825K, committed 2944K, reserved 1048576K
}
Event: 109.199 GC heap before
{Heap before GC invocations=25 (full 1):
 PSYoungGen      total 1347072K, used 1314816K [0x0000000697580000, 0x0000000701480000, 0x00000007c0000000)
  eden space 1313792K, 100% used [0x0000000697580000,0x00000006e7880000,0x00000006e7880000)
  from space 33280K, 3% used [0x00000006e7880000,0x00000006e7980000,0x00000006e9900000)
  to   space 24576K, 0% used [0x00000006ffc80000,0x00000006ffc80000,0x0000000701480000)
 ParOldGen       total 175104K, used 84077K [0x0000000446000000, 0x0000000450b00000, 0x0000000697580000)
  object space 175104K, 48% used [0x0000000446000000,0x000000044b21b548,0x0000000450b00000)
 Metaspace       used 22847K, capacity 23276K, committed 23424K, reserved 1069056K
  class space    used 2731K, capacity 2825K, committed 2944K, reserved 1048576K
Event: 109.218 GC heap after
Heap after GC invocations=25 (full 1):
 PSYoungGen      total 1667072K, used 992K [0x0000000697580000, 0x00000006ffe00000, 0x00000007c0000000)
  eden space 1665536K, 0% used [0x0000000697580000,0x0000000697580000,0x00000006fd000000)
  from space 1536K, 64% used [0x00000006ffc80000,0x00000006ffd78000,0x00000006ffe00000)
  to   space 23552K, 0% used [0x00000006fd000000,0x00000006fd000000,0x00000006fe700000)
 ParOldGen       total 175104K, used 85005K [0x0000000446000000, 0x0000000450b00000, 0x0000000697580000)
  object space 175104K, 48% used [0x0000000446000000,0x000000044b303548,0x0000000450b00000)
 Metaspace       used 22847K, capacity 23276K, committed 23424K, reserved 1069056K
  class space    used 2731K, capacity 2825K, committed 2944K, reserved 1048576K
}

